<?xml version="1.0" encoding="UTF-8"?>
<testng-results ignored="0" total="8" passed="8" failed="0" skipped="0">
  <reporter-output>
  </reporter-output>
  <suite started-at="2022-10-23T19:31:06Z" name="Default suite" finished-at="2022-10-23T19:31:30Z" duration-ms="23967">
    <groups>
      <group name="cucumber">
        <method signature="AbstractTestNGCucumberTests.runScenario(io.cucumber.testng.PickleWrapper, io.cucumber.testng.FeatureWrapper)[pri:0, instance:com.NopCommerce.runner.FeatureRunner@4fbe37eb]" name="runScenario" class="io.cucumber.testng.AbstractTestNGCucumberTests"/>
      </group> <!-- cucumber -->
    </groups>
    <test started-at="2022-10-23T19:31:06Z" name="Default test" finished-at="2022-10-23T19:31:30Z" duration-ms="23967">
      <class name="com.NopCommerce.runner.FeatureRunner">
        <test-method is-config="true" signature="setUpClass(org.testng.ITestContext)[pri:0, instance:com.NopCommerce.runner.FeatureRunner@4fbe37eb]" started-at="2022-10-23T19:31:06Z" name="setUpClass" finished-at="2022-10-23T19:31:06Z" duration-ms="156" status="PASS">
          <params>
            <param index="0">
              <value>
                <![CDATA[org.testng.TestRunner@1b46392c]]>
              </value>
            </param>
          </params>
          <reporter-output>
          </reporter-output>
        </test-method> <!-- setUpClass -->
        <test-method signature="runScenario(io.cucumber.testng.PickleWrapper, io.cucumber.testng.FeatureWrapper)[pri:0, instance:com.NopCommerce.runner.FeatureRunner@4fbe37eb]" started-at="2022-10-23T19:31:06Z" name="runScenario" description="Runs Cucumber Scenarios" data-provider="scenarios" finished-at="2022-10-23T19:31:12Z" duration-ms="6062" status="PASS">
          <params>
            <param index="0">
              <value>
                <![CDATA["User can Register with valid information"]]>
              </value>
            </param>
            <param index="1">
              <value>
                <![CDATA["Testing the Register and Login/Logout functionality to the application"]]>
              </value>
            </param>
          </params>
          <reporter-output>
          </reporter-output>
        </test-method> <!-- runScenario -->
        <test-method signature="runScenario(io.cucumber.testng.PickleWrapper, io.cucumber.testng.FeatureWrapper)[pri:0, instance:com.NopCommerce.runner.FeatureRunner@4fbe37eb]" started-at="2022-10-23T19:31:12Z" name="runScenario" description="Runs Cucumber Scenarios" data-provider="scenarios" finished-at="2022-10-23T19:31:13Z" duration-ms="1227" status="PASS">
          <params>
            <param index="0">
              <value>
                <![CDATA["User logs out and Logs back inn with correct email and password"]]>
              </value>
            </param>
            <param index="1">
              <value>
                <![CDATA["Testing the Register and Login/Logout functionality to the application"]]>
              </value>
            </param>
          </params>
          <reporter-output>
          </reporter-output>
        </test-method> <!-- runScenario -->
        <test-method signature="runScenario(io.cucumber.testng.PickleWrapper, io.cucumber.testng.FeatureWrapper)[pri:0, instance:com.NopCommerce.runner.FeatureRunner@4fbe37eb]" started-at="2022-10-23T19:31:13Z" name="runScenario" description="Runs Cucumber Scenarios" data-provider="scenarios" finished-at="2022-10-23T19:31:17Z" duration-ms="3412" status="PASS">
          <params>
            <param index="0">
              <value>
                <![CDATA["User adds first item to the cart"]]>
              </value>
            </param>
            <param index="1">
              <value>
                <![CDATA["User adds items to the cart for checkout"]]>
              </value>
            </param>
          </params>
          <reporter-output>
          </reporter-output>
        </test-method> <!-- runScenario -->
        <test-method signature="runScenario(io.cucumber.testng.PickleWrapper, io.cucumber.testng.FeatureWrapper)[pri:0, instance:com.NopCommerce.runner.FeatureRunner@4fbe37eb]" started-at="2022-10-23T19:31:17Z" name="runScenario" description="Runs Cucumber Scenarios" data-provider="scenarios" finished-at="2022-10-23T19:31:19Z" duration-ms="2342" status="PASS">
          <params>
            <param index="0">
              <value>
                <![CDATA["User adds Second item to the Shopping cart"]]>
              </value>
            </param>
            <param index="1">
              <value>
                <![CDATA["User adds items to the cart for checkout"]]>
              </value>
            </param>
          </params>
          <reporter-output>
          </reporter-output>
        </test-method> <!-- runScenario -->
        <test-method signature="runScenario(io.cucumber.testng.PickleWrapper, io.cucumber.testng.FeatureWrapper)[pri:0, instance:com.NopCommerce.runner.FeatureRunner@4fbe37eb]" started-at="2022-10-23T19:31:19Z" name="runScenario" description="Runs Cucumber Scenarios" data-provider="scenarios" finished-at="2022-10-23T19:31:22Z" duration-ms="2672" status="PASS">
          <params>
            <param index="0">
              <value>
                <![CDATA["This scenario tests all the invalid username and password"]]>
              </value>
            </param>
            <param index="1">
              <value>
                <![CDATA["Testing Login functionality to the application"]]>
              </value>
            </param>
          </params>
          <reporter-output>
          </reporter-output>
        </test-method> <!-- runScenario -->
        <test-method signature="runScenario(io.cucumber.testng.PickleWrapper, io.cucumber.testng.FeatureWrapper)[pri:0, instance:com.NopCommerce.runner.FeatureRunner@4fbe37eb]" started-at="2022-10-23T19:31:22Z" name="runScenario" description="Runs Cucumber Scenarios" data-provider="scenarios" finished-at="2022-10-23T19:31:24Z" duration-ms="2688" status="PASS">
          <params>
            <param index="0">
              <value>
                <![CDATA["This scenario tests all the invalid username and password"]]>
              </value>
            </param>
            <param index="1">
              <value>
                <![CDATA["Testing Login functionality to the application"]]>
              </value>
            </param>
          </params>
          <reporter-output>
          </reporter-output>
        </test-method> <!-- runScenario -->
        <test-method signature="runScenario(io.cucumber.testng.PickleWrapper, io.cucumber.testng.FeatureWrapper)[pri:0, instance:com.NopCommerce.runner.FeatureRunner@4fbe37eb]" started-at="2022-10-23T19:31:24Z" name="runScenario" description="Runs Cucumber Scenarios" data-provider="scenarios" finished-at="2022-10-23T19:31:27Z" duration-ms="2754" status="PASS">
          <params>
            <param index="0">
              <value>
                <![CDATA["This scenario tests all the invalid username and password"]]>
              </value>
            </param>
            <param index="1">
              <value>
                <![CDATA["Testing Login functionality to the application"]]>
              </value>
            </param>
          </params>
          <reporter-output>
          </reporter-output>
        </test-method> <!-- runScenario -->
        <test-method signature="runScenario(io.cucumber.testng.PickleWrapper, io.cucumber.testng.FeatureWrapper)[pri:0, instance:com.NopCommerce.runner.FeatureRunner@4fbe37eb]" started-at="2022-10-23T19:31:27Z" name="runScenario" description="Runs Cucumber Scenarios" data-provider="scenarios" finished-at="2022-10-23T19:31:29Z" duration-ms="2474" status="PASS">
          <params>
            <param index="0">
              <value>
                <![CDATA["This scenario tests all the invalid username and password"]]>
              </value>
            </param>
            <param index="1">
              <value>
                <![CDATA["Testing Login functionality to the application"]]>
              </value>
            </param>
          </params>
          <reporter-output>
          </reporter-output>
        </test-method> <!-- runScenario -->
        <test-method is-config="true" signature="tearDownClass()[pri:0, instance:com.NopCommerce.runner.FeatureRunner@4fbe37eb]" started-at="2022-10-23T19:31:29Z" name="tearDownClass" finished-at="2022-10-23T19:31:30Z" duration-ms="156" status="PASS">
          <reporter-output>
          </reporter-output>
        </test-method> <!-- tearDownClass -->
      </class> <!-- com.NopCommerce.runner.FeatureRunner -->
    </test> <!-- Default test -->
  </suite> <!-- Default suite -->
</testng-results>
