<?xml version="1.0" encoding="UTF-8"?>
<testng-results ignored="0" total="8" passed="4" failed="4" skipped="0">
  <reporter-output>
  </reporter-output>
  <suite started-at="2022-10-23T01:26:56Z" name="Default suite" finished-at="2022-10-23T01:27:16Z" duration-ms="19928">
    <groups>
      <group name="cucumber">
        <method signature="AbstractTestNGCucumberTests.runScenario(io.cucumber.testng.PickleWrapper, io.cucumber.testng.FeatureWrapper)[pri:0, instance:com.NopCommerce.runner.FeatureRunner@4fbe37eb]" name="runScenario" class="io.cucumber.testng.AbstractTestNGCucumberTests"/>
      </group> <!-- cucumber -->
    </groups>
    <test started-at="2022-10-23T01:26:56Z" name="Default test" finished-at="2022-10-23T01:27:16Z" duration-ms="19928">
      <class name="com.NopCommerce.runner.FeatureRunner">
        <test-method is-config="true" signature="setUpClass(org.testng.ITestContext)[pri:0, instance:com.NopCommerce.runner.FeatureRunner@4fbe37eb]" started-at="2022-10-23T01:26:56Z" name="setUpClass" finished-at="2022-10-23T01:26:56Z" duration-ms="163" status="PASS">
          <params>
            <param index="0">
              <value>
                <![CDATA[org.testng.TestRunner@5e193ef5]]>
              </value>
            </param>
          </params>
          <reporter-output>
          </reporter-output>
        </test-method> <!-- setUpClass -->
        <test-method signature="runScenario(io.cucumber.testng.PickleWrapper, io.cucumber.testng.FeatureWrapper)[pri:0, instance:com.NopCommerce.runner.FeatureRunner@4fbe37eb]" started-at="2022-10-23T01:26:56Z" name="runScenario" description="Runs Cucumber Scenarios" data-provider="scenarios" finished-at="2022-10-23T01:27:02Z" duration-ms="5460" status="PASS">
          <params>
            <param index="0">
              <value>
                <![CDATA["User can Register with valid information"]]>
              </value>
            </param>
            <param index="1">
              <value>
                <![CDATA["Testing the Register and Login/Logout functionality to the application"]]>
              </value>
            </param>
          </params>
          <reporter-output>
          </reporter-output>
        </test-method> <!-- runScenario -->
        <test-method signature="runScenario(io.cucumber.testng.PickleWrapper, io.cucumber.testng.FeatureWrapper)[pri:0, instance:com.NopCommerce.runner.FeatureRunner@4fbe37eb]" started-at="2022-10-23T01:27:02Z" name="runScenario" description="Runs Cucumber Scenarios" data-provider="scenarios" finished-at="2022-10-23T01:27:03Z" duration-ms="1217" status="PASS">
          <params>
            <param index="0">
              <value>
                <![CDATA["User logs out and Logs back inn with correct email and password"]]>
              </value>
            </param>
            <param index="1">
              <value>
                <![CDATA["Testing the Register and Login/Logout functionality to the application"]]>
              </value>
            </param>
          </params>
          <reporter-output>
          </reporter-output>
        </test-method> <!-- runScenario -->
        <test-method signature="runScenario(io.cucumber.testng.PickleWrapper, io.cucumber.testng.FeatureWrapper)[pri:0, instance:com.NopCommerce.runner.FeatureRunner@4fbe37eb]" started-at="2022-10-23T01:27:03Z" name="runScenario" description="Runs Cucumber Scenarios" data-provider="scenarios" finished-at="2022-10-23T01:27:06Z" duration-ms="3357" status="PASS">
          <params>
            <param index="0">
              <value>
                <![CDATA["User adds first item to the cart"]]>
              </value>
            </param>
            <param index="1">
              <value>
                <![CDATA["User adds items to the cart for checkout"]]>
              </value>
            </param>
          </params>
          <reporter-output>
          </reporter-output>
        </test-method> <!-- runScenario -->
        <test-method signature="runScenario(io.cucumber.testng.PickleWrapper, io.cucumber.testng.FeatureWrapper)[pri:0, instance:com.NopCommerce.runner.FeatureRunner@4fbe37eb]" started-at="2022-10-23T01:27:06Z" name="runScenario" description="Runs Cucumber Scenarios" data-provider="scenarios" finished-at="2022-10-23T01:27:08Z" duration-ms="2076" status="PASS">
          <params>
            <param index="0">
              <value>
                <![CDATA["User adds Second item to the Shopping cart"]]>
              </value>
            </param>
            <param index="1">
              <value>
                <![CDATA["User adds items to the cart for checkout"]]>
              </value>
            </param>
          </params>
          <reporter-output>
          </reporter-output>
        </test-method> <!-- runScenario -->
        <test-method signature="runScenario(io.cucumber.testng.PickleWrapper, io.cucumber.testng.FeatureWrapper)[pri:0, instance:com.NopCommerce.runner.FeatureRunner@4fbe37eb]" started-at="2022-10-23T01:27:08Z" name="runScenario" description="Runs Cucumber Scenarios" data-provider="scenarios" finished-at="2022-10-23T01:27:10Z" duration-ms="1617" status="FAIL">
          <params>
            <param index="0">
              <value>
                <![CDATA["This scenario tests all the invalid username and password"]]>
              </value>
            </param>
            <param index="1">
              <value>
                <![CDATA["Testing Login functionality to the application"]]>
              </value>
            </param>
          </params>
          <exception class="org.openqa.selenium.NoSuchSessionException">
            <message>
              <![CDATA[Session ID is null. Using WebDriver after calling quit()?
Build info: version: '3.141.59', revision: 'e82be7d358', time: '2018-11-14T08:17:03'
System info: host: 'DESKTOP-6CMCEO4', ip: '192.168.68.61', os.name: 'Windows 11', os.arch: 'amd64', os.version: '10.0', java.version: '18.0.1.1'
Driver info: driver.version: RemoteWebDriver]]>
            </message>
            <full-stacktrace>
              <![CDATA[org.openqa.selenium.NoSuchSessionException: Session ID is null. Using WebDriver after calling quit()?
Build info: version: '3.141.59', revision: 'e82be7d358', time: '2018-11-14T08:17:03'
System info: host: 'DESKTOP-6CMCEO4', ip: '192.168.68.61', os.name: 'Windows 11', os.arch: 'amd64', os.version: '10.0', java.version: '18.0.1.1'
Driver info: driver.version: RemoteWebDriver
at org.openqa.selenium.remote.HttpCommandExecutor.execute(HttpCommandExecutor.java:125)
at org.openqa.selenium.remote.service.DriverCommandExecutor.execute(DriverCommandExecutor.java:83)
at org.openqa.selenium.remote.RemoteWebDriver.execute(RemoteWebDriver.java:552)
at org.openqa.selenium.remote.RemoteWebDriver.findElement(RemoteWebDriver.java:323)
at org.openqa.selenium.remote.RemoteWebDriver.findElementByXPath(RemoteWebDriver.java:428)
at org.openqa.selenium.By$ByXPath.findElement(By.java:353)
at org.openqa.selenium.remote.RemoteWebDriver.findElement(RemoteWebDriver.java:315)
at org.openqa.selenium.support.pagefactory.DefaultElementLocator.findElement(DefaultElementLocator.java:69)
at org.openqa.selenium.support.pagefactory.internal.LocatingElementHandler.invoke(LocatingElementHandler.java:38)
at jdk.proxy2/jdk.proxy2.$Proxy21.click(Unknown Source)
at com.NopCommerce.stepdef.NegativeLoginStepDefinition.i_click_on_the_sign_in_button_on_homepage(NegativeLoginStepDefinition.java:33)
at ✽.I click on the sign in button on homepage(file:///C:/Users/Raj%20Roy/git/FrameWorkbyRajibReposotory/Features1/TNegativeLogin1.feature:7)
]]>
            </full-stacktrace>
          </exception> <!-- org.openqa.selenium.NoSuchSessionException -->
          <reporter-output>
          </reporter-output>
        </test-method> <!-- runScenario -->
        <test-method signature="runScenario(io.cucumber.testng.PickleWrapper, io.cucumber.testng.FeatureWrapper)[pri:0, instance:com.NopCommerce.runner.FeatureRunner@4fbe37eb]" started-at="2022-10-23T01:27:10Z" name="runScenario" description="Runs Cucumber Scenarios" data-provider="scenarios" finished-at="2022-10-23T01:27:12Z" duration-ms="2022" status="FAIL">
          <params>
            <param index="0">
              <value>
                <![CDATA["This scenario tests all the invalid username and password"]]>
              </value>
            </param>
            <param index="1">
              <value>
                <![CDATA["Testing Login functionality to the application"]]>
              </value>
            </param>
          </params>
          <exception class="org.openqa.selenium.StaleElementReferenceException">
            <message>
              <![CDATA[stale element reference: element is not attached to the page document
  (Session info: chrome=106.0.5249.119)
For documentation on this error, please visit: https://www.seleniumhq.org/exceptions/stale_element_reference.html
Build info: version: '3.141.59', revision: 'e82be7d358', time: '2018-11-14T08:17:03'
System info: host: 'DESKTOP-6CMCEO4', ip: '192.168.68.61', os.name: 'Windows 11', os.arch: 'amd64', os.version: '10.0', java.version: '18.0.1.1'
Driver info: org.openqa.selenium.chrome.ChromeDriver
Capabilities {acceptInsecureCerts: false, browserName: chrome, browserVersion: 106.0.5249.119, chrome: {chromedriverVersion: 106.0.5249.61 (511755355844..., userDataDir: C:\Users\RAJROY~1\AppData\L...}, goog:chromeOptions: {debuggerAddress: localhost:53501}, javascriptEnabled: true, networkConnectionEnabled: false, pageLoadStrategy: normal, platform: WINDOWS, platformName: WINDOWS, proxy: Proxy(), setWindowRect: true, strictFileInteractability: false, timeouts: {implicit: 0, pageLoad: 300000, script: 30000}, unhandledPromptBehavior: dismiss and notify, webauthn:extension:credBlob: true, webauthn:extension:largeBlob: true, webauthn:virtualAuthenticators: true}
Session ID: d2374373cedaf5b26307dda4937e489b]]>
            </message>
            <full-stacktrace>
              <![CDATA[org.openqa.selenium.StaleElementReferenceException: stale element reference: element is not attached to the page document
  (Session info: chrome=106.0.5249.119)
For documentation on this error, please visit: https://www.seleniumhq.org/exceptions/stale_element_reference.html
Build info: version: '3.141.59', revision: 'e82be7d358', time: '2018-11-14T08:17:03'
System info: host: 'DESKTOP-6CMCEO4', ip: '192.168.68.61', os.name: 'Windows 11', os.arch: 'amd64', os.version: '10.0', java.version: '18.0.1.1'
Driver info: org.openqa.selenium.chrome.ChromeDriver
Capabilities {acceptInsecureCerts: false, browserName: chrome, browserVersion: 106.0.5249.119, chrome: {chromedriverVersion: 106.0.5249.61 (511755355844..., userDataDir: C:\Users\RAJROY~1\AppData\L...}, goog:chromeOptions: {debuggerAddress: localhost:53501}, javascriptEnabled: true, networkConnectionEnabled: false, pageLoadStrategy: normal, platform: WINDOWS, platformName: WINDOWS, proxy: Proxy(), setWindowRect: true, strictFileInteractability: false, timeouts: {implicit: 0, pageLoad: 300000, script: 30000}, unhandledPromptBehavior: dismiss and notify, webauthn:extension:credBlob: true, webauthn:extension:largeBlob: true, webauthn:virtualAuthenticators: true}
Session ID: d2374373cedaf5b26307dda4937e489b
at java.base/jdk.internal.reflect.DirectConstructorHandleAccessor.newInstance(DirectConstructorHandleAccessor.java:67)
at java.base/java.lang.reflect.Constructor.newInstanceWithCaller(Constructor.java:499)
at java.base/java.lang.reflect.Constructor.newInstance(Constructor.java:483)
at org.openqa.selenium.remote.http.W3CHttpResponseCodec.createException(W3CHttpResponseCodec.java:187)
at org.openqa.selenium.remote.http.W3CHttpResponseCodec.decode(W3CHttpResponseCodec.java:122)
at org.openqa.selenium.remote.http.W3CHttpResponseCodec.decode(W3CHttpResponseCodec.java:49)
at org.openqa.selenium.remote.HttpCommandExecutor.execute(HttpCommandExecutor.java:158)
at org.openqa.selenium.remote.service.DriverCommandExecutor.execute(DriverCommandExecutor.java:83)
at org.openqa.selenium.remote.RemoteWebDriver.execute(RemoteWebDriver.java:552)
at org.openqa.selenium.remote.RemoteWebDriver.executeScript(RemoteWebDriver.java:489)
at Com.NopCommerce.Utils.NopComerceUtilities.getHighLighter(NopComerceUtilities.java:66)
at com.NopCommerce.stepdef.NegativeLoginStepDefinition.i_enter_and(NegativeLoginStepDefinition.java:40)
at ✽.I enter "RajibRoy00@me.com" and "SmartTech10"(file:///C:/Users/Raj%20Roy/git/FrameWorkbyRajibReposotory/Features1/TNegativeLogin1.feature:8)
]]>
            </full-stacktrace>
          </exception> <!-- org.openqa.selenium.StaleElementReferenceException -->
          <reporter-output>
          </reporter-output>
        </test-method> <!-- runScenario -->
        <test-method signature="runScenario(io.cucumber.testng.PickleWrapper, io.cucumber.testng.FeatureWrapper)[pri:0, instance:com.NopCommerce.runner.FeatureRunner@4fbe37eb]" started-at="2022-10-23T01:27:12Z" name="runScenario" description="Runs Cucumber Scenarios" data-provider="scenarios" finished-at="2022-10-23T01:27:14Z" duration-ms="2051" status="FAIL">
          <params>
            <param index="0">
              <value>
                <![CDATA["This scenario tests all the invalid username and password"]]>
              </value>
            </param>
            <param index="1">
              <value>
                <![CDATA["Testing Login functionality to the application"]]>
              </value>
            </param>
          </params>
          <exception class="org.openqa.selenium.StaleElementReferenceException">
            <message>
              <![CDATA[stale element reference: element is not attached to the page document
  (Session info: chrome=106.0.5249.119)
For documentation on this error, please visit: https://www.seleniumhq.org/exceptions/stale_element_reference.html
Build info: version: '3.141.59', revision: 'e82be7d358', time: '2018-11-14T08:17:03'
System info: host: 'DESKTOP-6CMCEO4', ip: '192.168.68.61', os.name: 'Windows 11', os.arch: 'amd64', os.version: '10.0', java.version: '18.0.1.1'
Driver info: org.openqa.selenium.chrome.ChromeDriver
Capabilities {acceptInsecureCerts: false, browserName: chrome, browserVersion: 106.0.5249.119, chrome: {chromedriverVersion: 106.0.5249.61 (511755355844..., userDataDir: C:\Users\RAJROY~1\AppData\L...}, goog:chromeOptions: {debuggerAddress: localhost:53528}, javascriptEnabled: true, networkConnectionEnabled: false, pageLoadStrategy: normal, platform: WINDOWS, platformName: WINDOWS, proxy: Proxy(), setWindowRect: true, strictFileInteractability: false, timeouts: {implicit: 0, pageLoad: 300000, script: 30000}, unhandledPromptBehavior: dismiss and notify, webauthn:extension:credBlob: true, webauthn:extension:largeBlob: true, webauthn:virtualAuthenticators: true}
Session ID: bca1c855b7102f77ec6dd6509a305055]]>
            </message>
            <full-stacktrace>
              <![CDATA[org.openqa.selenium.StaleElementReferenceException: stale element reference: element is not attached to the page document
  (Session info: chrome=106.0.5249.119)
For documentation on this error, please visit: https://www.seleniumhq.org/exceptions/stale_element_reference.html
Build info: version: '3.141.59', revision: 'e82be7d358', time: '2018-11-14T08:17:03'
System info: host: 'DESKTOP-6CMCEO4', ip: '192.168.68.61', os.name: 'Windows 11', os.arch: 'amd64', os.version: '10.0', java.version: '18.0.1.1'
Driver info: org.openqa.selenium.chrome.ChromeDriver
Capabilities {acceptInsecureCerts: false, browserName: chrome, browserVersion: 106.0.5249.119, chrome: {chromedriverVersion: 106.0.5249.61 (511755355844..., userDataDir: C:\Users\RAJROY~1\AppData\L...}, goog:chromeOptions: {debuggerAddress: localhost:53528}, javascriptEnabled: true, networkConnectionEnabled: false, pageLoadStrategy: normal, platform: WINDOWS, platformName: WINDOWS, proxy: Proxy(), setWindowRect: true, strictFileInteractability: false, timeouts: {implicit: 0, pageLoad: 300000, script: 30000}, unhandledPromptBehavior: dismiss and notify, webauthn:extension:credBlob: true, webauthn:extension:largeBlob: true, webauthn:virtualAuthenticators: true}
Session ID: bca1c855b7102f77ec6dd6509a305055
at java.base/jdk.internal.reflect.DirectConstructorHandleAccessor.newInstance(DirectConstructorHandleAccessor.java:67)
at java.base/java.lang.reflect.Constructor.newInstanceWithCaller(Constructor.java:499)
at java.base/java.lang.reflect.Constructor.newInstance(Constructor.java:483)
at org.openqa.selenium.remote.http.W3CHttpResponseCodec.createException(W3CHttpResponseCodec.java:187)
at org.openqa.selenium.remote.http.W3CHttpResponseCodec.decode(W3CHttpResponseCodec.java:122)
at org.openqa.selenium.remote.http.W3CHttpResponseCodec.decode(W3CHttpResponseCodec.java:49)
at org.openqa.selenium.remote.HttpCommandExecutor.execute(HttpCommandExecutor.java:158)
at org.openqa.selenium.remote.service.DriverCommandExecutor.execute(DriverCommandExecutor.java:83)
at org.openqa.selenium.remote.RemoteWebDriver.execute(RemoteWebDriver.java:552)
at org.openqa.selenium.remote.RemoteWebDriver.executeScript(RemoteWebDriver.java:489)
at Com.NopCommerce.Utils.NopComerceUtilities.getHighLighter(NopComerceUtilities.java:66)
at com.NopCommerce.stepdef.NegativeLoginStepDefinition.i_enter_and(NegativeLoginStepDefinition.java:40)
at ✽.I enter "RajibRoy000@me.com" and "SmartTech100"(file:///C:/Users/Raj%20Roy/git/FrameWorkbyRajibReposotory/Features1/TNegativeLogin1.feature:8)
]]>
            </full-stacktrace>
          </exception> <!-- org.openqa.selenium.StaleElementReferenceException -->
          <reporter-output>
          </reporter-output>
        </test-method> <!-- runScenario -->
        <test-method signature="runScenario(io.cucumber.testng.PickleWrapper, io.cucumber.testng.FeatureWrapper)[pri:0, instance:com.NopCommerce.runner.FeatureRunner@4fbe37eb]" started-at="2022-10-23T01:27:14Z" name="runScenario" description="Runs Cucumber Scenarios" data-provider="scenarios" finished-at="2022-10-23T01:27:16Z" duration-ms="1807" status="FAIL">
          <params>
            <param index="0">
              <value>
                <![CDATA["This scenario tests all the invalid username and password"]]>
              </value>
            </param>
            <param index="1">
              <value>
                <![CDATA["Testing Login functionality to the application"]]>
              </value>
            </param>
          </params>
          <exception class="org.openqa.selenium.StaleElementReferenceException">
            <message>
              <![CDATA[stale element reference: element is not attached to the page document
  (Session info: chrome=106.0.5249.119)
For documentation on this error, please visit: https://www.seleniumhq.org/exceptions/stale_element_reference.html
Build info: version: '3.141.59', revision: 'e82be7d358', time: '2018-11-14T08:17:03'
System info: host: 'DESKTOP-6CMCEO4', ip: '192.168.68.61', os.name: 'Windows 11', os.arch: 'amd64', os.version: '10.0', java.version: '18.0.1.1'
Driver info: org.openqa.selenium.chrome.ChromeDriver
Capabilities {acceptInsecureCerts: false, browserName: chrome, browserVersion: 106.0.5249.119, chrome: {chromedriverVersion: 106.0.5249.61 (511755355844..., userDataDir: C:\Users\RAJROY~1\AppData\L...}, goog:chromeOptions: {debuggerAddress: localhost:53565}, javascriptEnabled: true, networkConnectionEnabled: false, pageLoadStrategy: normal, platform: WINDOWS, platformName: WINDOWS, proxy: Proxy(), setWindowRect: true, strictFileInteractability: false, timeouts: {implicit: 0, pageLoad: 300000, script: 30000}, unhandledPromptBehavior: dismiss and notify, webauthn:extension:credBlob: true, webauthn:extension:largeBlob: true, webauthn:virtualAuthenticators: true}
Session ID: 5f3ff5f47ca68e12c8ddf3aa42f92642]]>
            </message>
            <full-stacktrace>
              <![CDATA[org.openqa.selenium.StaleElementReferenceException: stale element reference: element is not attached to the page document
  (Session info: chrome=106.0.5249.119)
For documentation on this error, please visit: https://www.seleniumhq.org/exceptions/stale_element_reference.html
Build info: version: '3.141.59', revision: 'e82be7d358', time: '2018-11-14T08:17:03'
System info: host: 'DESKTOP-6CMCEO4', ip: '192.168.68.61', os.name: 'Windows 11', os.arch: 'amd64', os.version: '10.0', java.version: '18.0.1.1'
Driver info: org.openqa.selenium.chrome.ChromeDriver
Capabilities {acceptInsecureCerts: false, browserName: chrome, browserVersion: 106.0.5249.119, chrome: {chromedriverVersion: 106.0.5249.61 (511755355844..., userDataDir: C:\Users\RAJROY~1\AppData\L...}, goog:chromeOptions: {debuggerAddress: localhost:53565}, javascriptEnabled: true, networkConnectionEnabled: false, pageLoadStrategy: normal, platform: WINDOWS, platformName: WINDOWS, proxy: Proxy(), setWindowRect: true, strictFileInteractability: false, timeouts: {implicit: 0, pageLoad: 300000, script: 30000}, unhandledPromptBehavior: dismiss and notify, webauthn:extension:credBlob: true, webauthn:extension:largeBlob: true, webauthn:virtualAuthenticators: true}
Session ID: 5f3ff5f47ca68e12c8ddf3aa42f92642
at java.base/jdk.internal.reflect.DirectConstructorHandleAccessor.newInstance(DirectConstructorHandleAccessor.java:67)
at java.base/java.lang.reflect.Constructor.newInstanceWithCaller(Constructor.java:499)
at java.base/java.lang.reflect.Constructor.newInstance(Constructor.java:483)
at org.openqa.selenium.remote.http.W3CHttpResponseCodec.createException(W3CHttpResponseCodec.java:187)
at org.openqa.selenium.remote.http.W3CHttpResponseCodec.decode(W3CHttpResponseCodec.java:122)
at org.openqa.selenium.remote.http.W3CHttpResponseCodec.decode(W3CHttpResponseCodec.java:49)
at org.openqa.selenium.remote.HttpCommandExecutor.execute(HttpCommandExecutor.java:158)
at org.openqa.selenium.remote.service.DriverCommandExecutor.execute(DriverCommandExecutor.java:83)
at org.openqa.selenium.remote.RemoteWebDriver.execute(RemoteWebDriver.java:552)
at org.openqa.selenium.remote.RemoteWebDriver.executeScript(RemoteWebDriver.java:489)
at Com.NopCommerce.Utils.NopComerceUtilities.getHighLighter(NopComerceUtilities.java:66)
at com.NopCommerce.stepdef.NegativeLoginStepDefinition.i_enter_and(NegativeLoginStepDefinition.java:40)
at ✽.I enter "RajibRoy0000@me.com" and "SmartTech100"(file:///C:/Users/Raj%20Roy/git/FrameWorkbyRajibReposotory/Features1/TNegativeLogin1.feature:8)
]]>
            </full-stacktrace>
          </exception> <!-- org.openqa.selenium.StaleElementReferenceException -->
          <reporter-output>
          </reporter-output>
        </test-method> <!-- runScenario -->
        <test-method is-config="true" signature="tearDownClass()[pri:0, instance:com.NopCommerce.runner.FeatureRunner@4fbe37eb]" started-at="2022-10-23T01:27:16Z" name="tearDownClass" finished-at="2022-10-23T01:27:16Z" duration-ms="138" status="PASS">
          <reporter-output>
          </reporter-output>
        </test-method> <!-- tearDownClass -->
      </class> <!-- com.NopCommerce.runner.FeatureRunner -->
    </test> <!-- Default test -->
  </suite> <!-- Default suite -->
</testng-results>
