<?xml version="1.0" encoding="UTF-8"?>
<testng-results ignored="0" total="8" passed="8" failed="0" skipped="0">
  <reporter-output>
  </reporter-output>
  <suite started-at="2022-12-07T22:25:17 EST" name="Default suite" finished-at="2022-12-07T22:25:48 EST" duration-ms="31734">
    <groups>
      <group name="cucumber">
        <method signature="AbstractTestNGCucumberTests.runScenario(io.cucumber.testng.PickleWrapper, io.cucumber.testng.FeatureWrapper)[pri:0, instance:com.NopCommerce.runner.FeatureRunner@1c742ed4]" name="runScenario" class="io.cucumber.testng.AbstractTestNGCucumberTests"/>
      </group> <!-- cucumber -->
    </groups>
    <test started-at="2022-12-07T22:25:17 EST" name="Default test" finished-at="2022-12-07T22:25:48 EST" duration-ms="31734">
      <class name="com.NopCommerce.runner.FeatureRunner">
        <test-method is-config="true" signature="setUpClass(org.testng.ITestContext)[pri:0, instance:com.NopCommerce.runner.FeatureRunner@1c742ed4]" started-at="2022-12-07T22:25:17 EST" name="setUpClass" finished-at="2022-12-07T22:25:17 EST" duration-ms="194" status="PASS">
          <params>
            <param index="0">
              <value>
                <![CDATA[org.testng.TestRunner@1412682c]]>
              </value>
            </param>
          </params>
          <reporter-output>
          </reporter-output>
        </test-method> <!-- setUpClass -->
        <test-method signature="runScenario(io.cucumber.testng.PickleWrapper, io.cucumber.testng.FeatureWrapper)[pri:0, instance:com.NopCommerce.runner.FeatureRunner@1c742ed4]" started-at="2022-12-07T22:25:17 EST" name="runScenario" description="Runs Cucumber Scenarios" data-provider="scenarios" finished-at="2022-12-07T22:25:24 EST" duration-ms="7033" status="PASS">
          <params>
            <param index="0">
              <value>
                <![CDATA["User can Register with valid information"]]>
              </value>
            </param>
            <param index="1">
              <value>
                <![CDATA["Testing the Register and Login/Logout functionality to the application"]]>
              </value>
            </param>
          </params>
          <reporter-output>
          </reporter-output>
        </test-method> <!-- runScenario -->
        <test-method signature="runScenario(io.cucumber.testng.PickleWrapper, io.cucumber.testng.FeatureWrapper)[pri:0, instance:com.NopCommerce.runner.FeatureRunner@1c742ed4]" started-at="2022-12-07T22:25:24 EST" name="runScenario" description="Runs Cucumber Scenarios" data-provider="scenarios" finished-at="2022-12-07T22:25:25 EST" duration-ms="1582" status="PASS">
          <params>
            <param index="0">
              <value>
                <![CDATA["User logs out and Logs back inn with correct email and password"]]>
              </value>
            </param>
            <param index="1">
              <value>
                <![CDATA["Testing the Register and Login/Logout functionality to the application"]]>
              </value>
            </param>
          </params>
          <reporter-output>
          </reporter-output>
        </test-method> <!-- runScenario -->
        <test-method signature="runScenario(io.cucumber.testng.PickleWrapper, io.cucumber.testng.FeatureWrapper)[pri:0, instance:com.NopCommerce.runner.FeatureRunner@1c742ed4]" started-at="2022-12-07T22:25:25 EST" name="runScenario" description="Runs Cucumber Scenarios" data-provider="scenarios" finished-at="2022-12-07T22:25:32 EST" duration-ms="6322" status="PASS">
          <params>
            <param index="0">
              <value>
                <![CDATA["User adds first item to the cart"]]>
              </value>
            </param>
            <param index="1">
              <value>
                <![CDATA["User adds items to the cart for checkout"]]>
              </value>
            </param>
          </params>
          <reporter-output>
          </reporter-output>
        </test-method> <!-- runScenario -->
        <test-method signature="runScenario(io.cucumber.testng.PickleWrapper, io.cucumber.testng.FeatureWrapper)[pri:0, instance:com.NopCommerce.runner.FeatureRunner@1c742ed4]" started-at="2022-12-07T22:25:32 EST" name="runScenario" description="Runs Cucumber Scenarios" data-provider="scenarios" finished-at="2022-12-07T22:25:37 EST" duration-ms="5494" status="PASS">
          <params>
            <param index="0">
              <value>
                <![CDATA["User adds Second item to the Shopping cart"]]>
              </value>
            </param>
            <param index="1">
              <value>
                <![CDATA["User adds items to the cart for checkout"]]>
              </value>
            </param>
          </params>
          <reporter-output>
          </reporter-output>
        </test-method> <!-- runScenario -->
        <test-method signature="runScenario(io.cucumber.testng.PickleWrapper, io.cucumber.testng.FeatureWrapper)[pri:0, instance:com.NopCommerce.runner.FeatureRunner@1c742ed4]" started-at="2022-12-07T22:25:37 EST" name="runScenario" description="Runs Cucumber Scenarios" data-provider="scenarios" finished-at="2022-12-07T22:25:40 EST" duration-ms="2773" status="PASS">
          <params>
            <param index="0">
              <value>
                <![CDATA["This scenario tests all the invalid username and password"]]>
              </value>
            </param>
            <param index="1">
              <value>
                <![CDATA["Testing Login functionality to the application"]]>
              </value>
            </param>
          </params>
          <reporter-output>
          </reporter-output>
        </test-method> <!-- runScenario -->
        <test-method signature="runScenario(io.cucumber.testng.PickleWrapper, io.cucumber.testng.FeatureWrapper)[pri:0, instance:com.NopCommerce.runner.FeatureRunner@1c742ed4]" started-at="2022-12-07T22:25:40 EST" name="runScenario" description="Runs Cucumber Scenarios" data-provider="scenarios" finished-at="2022-12-07T22:25:43 EST" duration-ms="3015" status="PASS">
          <params>
            <param index="0">
              <value>
                <![CDATA["This scenario tests all the invalid username and password"]]>
              </value>
            </param>
            <param index="1">
              <value>
                <![CDATA["Testing Login functionality to the application"]]>
              </value>
            </param>
          </params>
          <reporter-output>
          </reporter-output>
        </test-method> <!-- runScenario -->
        <test-method signature="runScenario(io.cucumber.testng.PickleWrapper, io.cucumber.testng.FeatureWrapper)[pri:0, instance:com.NopCommerce.runner.FeatureRunner@1c742ed4]" started-at="2022-12-07T22:25:43 EST" name="runScenario" description="Runs Cucumber Scenarios" data-provider="scenarios" finished-at="2022-12-07T22:25:46 EST" duration-ms="2587" status="PASS">
          <params>
            <param index="0">
              <value>
                <![CDATA["This scenario tests all the invalid username and password"]]>
              </value>
            </param>
            <param index="1">
              <value>
                <![CDATA["Testing Login functionality to the application"]]>
              </value>
            </param>
          </params>
          <reporter-output>
          </reporter-output>
        </test-method> <!-- runScenario -->
        <test-method signature="runScenario(io.cucumber.testng.PickleWrapper, io.cucumber.testng.FeatureWrapper)[pri:0, instance:com.NopCommerce.runner.FeatureRunner@1c742ed4]" started-at="2022-12-07T22:25:46 EST" name="runScenario" description="Runs Cucumber Scenarios" data-provider="scenarios" finished-at="2022-12-07T22:25:48 EST" duration-ms="2525" status="PASS">
          <params>
            <param index="0">
              <value>
                <![CDATA["This scenario tests all the invalid username and password"]]>
              </value>
            </param>
            <param index="1">
              <value>
                <![CDATA["Testing Login functionality to the application"]]>
              </value>
            </param>
          </params>
          <reporter-output>
          </reporter-output>
        </test-method> <!-- runScenario -->
        <test-method is-config="true" signature="tearDownClass()[pri:0, instance:com.NopCommerce.runner.FeatureRunner@1c742ed4]" started-at="2022-12-07T22:25:48 EST" name="tearDownClass" finished-at="2022-12-07T22:25:48 EST" duration-ms="174" status="PASS">
          <reporter-output>
          </reporter-output>
        </test-method> <!-- tearDownClass -->
      </class> <!-- com.NopCommerce.runner.FeatureRunner -->
    </test> <!-- Default test -->
  </suite> <!-- Default suite -->
</testng-results>
