<?xml version="1.0" encoding="UTF-8"?>
<testng-results ignored="0" total="1" passed="1" failed="0" skipped="0">
  <reporter-output>
  </reporter-output>
  <suite started-at="2022-10-18T06:50:42Z" name="Default suite" finished-at="2022-10-18T06:50:49Z" duration-ms="6953">
    <groups>
      <group name="cucumber">
        <method signature="AbstractTestNGCucumberTests.runScenario(io.cucumber.testng.PickleWrapper, io.cucumber.testng.FeatureWrapper)[pri:0, instance:com.NopCommerce.runner.FeatureRunner@4fbe37eb]" name="runScenario" class="io.cucumber.testng.AbstractTestNGCucumberTests"/>
      </group> <!-- cucumber -->
    </groups>
    <test started-at="2022-10-18T06:50:42Z" name="Default test" finished-at="2022-10-18T06:50:49Z" duration-ms="6953">
      <class name="com.NopCommerce.runner.FeatureRunner">
        <test-method is-config="true" signature="setUpClass(org.testng.ITestContext)[pri:0, instance:com.NopCommerce.runner.FeatureRunner@4fbe37eb]" started-at="2022-10-18T06:50:42Z" name="setUpClass" finished-at="2022-10-18T06:50:42Z" duration-ms="148" status="PASS">
          <params>
            <param index="0">
              <value>
                <![CDATA[org.testng.TestRunner@4b6e1c0]]>
              </value>
            </param>
          </params>
          <reporter-output>
          </reporter-output>
        </test-method> <!-- setUpClass -->
        <test-method signature="runScenario(io.cucumber.testng.PickleWrapper, io.cucumber.testng.FeatureWrapper)[pri:0, instance:com.NopCommerce.runner.FeatureRunner@4fbe37eb]" started-at="2022-10-18T06:50:42Z" name="runScenario" description="Runs Cucumber Scenarios" data-provider="scenarios" finished-at="2022-10-18T06:50:48Z" duration-ms="6657" status="PASS">
          <params>
            <param index="0">
              <value>
                <![CDATA["User can Register with valid information"]]>
              </value>
            </param>
            <param index="1">
              <value>
                <![CDATA["Testing the Register functionality to the application"]]>
              </value>
            </param>
          </params>
          <reporter-output>
          </reporter-output>
        </test-method> <!-- runScenario -->
        <test-method is-config="true" signature="tearDownClass()[pri:0, instance:com.NopCommerce.runner.FeatureRunner@4fbe37eb]" started-at="2022-10-18T06:50:48Z" name="tearDownClass" finished-at="2022-10-18T06:50:49Z" duration-ms="137" status="PASS">
          <reporter-output>
          </reporter-output>
        </test-method> <!-- tearDownClass -->
      </class> <!-- com.NopCommerce.runner.FeatureRunner -->
    </test> <!-- Default test -->
  </suite> <!-- Default suite -->
</testng-results>
